<?xml version="1.0" encoding="UTF-8"?>
<!-- Generated by org.testng.reporters.JUnitXMLReporter -->
<testsuite ignored="0" hostname="DESKTOP-FV1VN8J" failures="0" tests="3" name="Default test" time="5.269" errors="0" timestamp="2021-12-29T17:23:20 IST">
  <testcase classname="files.DynamicJson" name="DynamicJsonMethod" time="4.894"/>
  <testcase classname="files.DynamicJson" name="DynamicJsonMethod" time="0.161"/>
  <testcase classname="files.DynamicJson" name="DynamicJsonMethod" time="0.123"/>
</testsuite> <!-- Default test -->
