<?xml version="1.0" encoding="UTF-8"?>
<testng-results ignored="0" total="3" passed="3" failed="0" skipped="0">
  <reporter-output>
  </reporter-output>
  <suite started-at="2021-12-29T17:23:14 IST" name="Default suite" finished-at="2021-12-29T17:23:20 IST" duration-ms="5269">
    <groups>
    </groups>
    <test started-at="2021-12-29T17:23:14 IST" name="Default test" finished-at="2021-12-29T17:23:20 IST" duration-ms="5269">
      <class name="files.DynamicJson">
        <test-method signature="DynamicJsonMethod(java.lang.String, java.lang.String)[pri:0, instance:files.DynamicJson@ec756bd]" started-at="2021-12-29T17:23:15 IST" name="DynamicJsonMethod" data-provider="BookData" finished-at="2021-12-29T17:23:19 IST" duration-ms="4894" status="PASS">
          <params>
            <param index="0">
              <value>
                <![CDATA[asdc]]>
              </value>
            </param>
            <param index="1">
              <value>
                <![CDATA[12e45]]>
              </value>
            </param>
          </params>
          <reporter-output>
          </reporter-output>
        </test-method> <!-- DynamicJsonMethod -->
        <test-method signature="DynamicJsonMethod(java.lang.String, java.lang.String)[pri:0, instance:files.DynamicJson@ec756bd]" started-at="2021-12-29T17:23:19 IST" name="DynamicJsonMethod" data-provider="BookData" finished-at="2021-12-29T17:23:20 IST" duration-ms="161" status="PASS">
          <params>
            <param index="0">
              <value>
                <![CDATA[qwsd]]>
              </value>
            </param>
            <param index="1">
              <value>
                <![CDATA[23e4]]>
              </value>
            </param>
          </params>
          <reporter-output>
          </reporter-output>
        </test-method> <!-- DynamicJsonMethod -->
        <test-method signature="DynamicJsonMethod(java.lang.String, java.lang.String)[pri:0, instance:files.DynamicJson@ec756bd]" started-at="2021-12-29T17:23:20 IST" name="DynamicJsonMethod" data-provider="BookData" finished-at="2021-12-29T17:23:20 IST" duration-ms="123" status="PASS">
          <params>
            <param index="0">
              <value>
                <![CDATA[56rt]]>
              </value>
            </param>
            <param index="1">
              <value>
                <![CDATA[23e45]]>
              </value>
            </param>
          </params>
          <reporter-output>
          </reporter-output>
        </test-method> <!-- DynamicJsonMethod -->
      </class> <!-- files.DynamicJson -->
    </test> <!-- Default test -->
  </suite> <!-- Default suite -->
</testng-results>
